[0317/014940.096:ERROR:process_reader_win.cc(151)] SuspendThread: Отказано в доступе. (0x5)
[0317/014940.100:ERROR:exception_snapshot_win.cc(88)] thread ID 1316 not found in process
[0317/014940.100:WARNING:crash_report_exception_handler.cc(62)] ProcessSnapshotWin::Initialize failed
[0317/014940.101:ERROR:scoped_process_suspend.cc(40)] NtResumeProcess: Попытка доступа к процессу, выполняющему процедуру завершения. (0xc000010a)
[0317/031144.975:ERROR:process_reader_win.cc(182)] ResumeThread: Параметр задан неверно. (0x57)
[0317/031144.975:ERROR:process_reader_win.cc(151)] SuspendThread: Отказано в доступе. (0x5)
[0317/031144.975:ERROR:process_reader_win.cc(151)] SuspendThread: Отказано в доступе. (0x5)
[0317/031144.975:ERROR:process_reader_win.cc(151)] SuspendThread: Отказано в доступе. (0x5)
[0317/031144.976:ERROR:process_reader_win.cc(151)] SuspendThread: Отказано в доступе. (0x5)
[0317/031144.976:ERROR:process_reader_win.cc(151)] SuspendThread: Отказано в доступе. (0x5)
[0317/031144.976:ERROR:process_reader_win.cc(151)] SuspendThread: Отказано в доступе. (0x5)
[0317/031144.976:ERROR:process_reader_win.cc(151)] SuspendThread: Отказано в доступе. (0x5)
[0317/031144.976:ERROR:process_reader_win.cc(151)] SuspendThread: Отказано в доступе. (0x5)
[0317/031144.976:ERROR:process_reader_win.cc(151)] SuspendThread: Отказано в доступе. (0x5)
[0317/031144.976:ERROR:process_reader_win.cc(151)] SuspendThread: Отказано в доступе. (0x5)
[0317/031144.976:ERROR:process_reader_win.cc(151)] SuspendThread: Отказано в доступе. (0x5)
[0317/031144.976:ERROR:process_reader_win.cc(151)] SuspendThread: Отказано в доступе. (0x5)
[0317/031144.976:ERROR:process_reader_win.cc(151)] SuspendThread: Отказано в доступе. (0x5)
[0317/031144.976:ERROR:process_reader_win.cc(151)] SuspendThread: Отказано в доступе. (0x5)
[0317/031144.976:ERROR:process_reader_win.cc(151)] SuspendThread: Отказано в доступе. (0x5)
[0317/031144.976:ERROR:process_reader_win.cc(151)] SuspendThread: Отказано в доступе. (0x5)
[0317/031144.976:ERROR:process_reader_win.cc(151)] SuspendThread: Отказано в доступе. (0x5)
[0317/031144.976:ERROR:process_reader_win.cc(151)] SuspendThread: Отказано в доступе. (0x5)
[0317/031144.976:ERROR:process_reader_win.cc(151)] SuspendThread: Отказано в доступе. (0x5)
[0317/031144.976:ERROR:process_reader_win.cc(151)] SuspendThread: Отказано в доступе. (0x5)
[0317/031144.976:ERROR:process_reader_win.cc(151)] SuspendThread: Отказано в доступе. (0x5)
[0317/031144.976:ERROR:process_reader_win.cc(151)] SuspendThread: Отказано в доступе. (0x5)
[0317/031144.976:ERROR:process_reader_win.cc(151)] SuspendThread: Отказано в доступе. (0x5)
[0317/031144.976:ERROR:process_reader_win.cc(151)] SuspendThread: Отказано в доступе. (0x5)
[0317/031144.976:ERROR:process_reader_win.cc(151)] SuspendThread: Отказано в доступе. (0x5)
[0317/031144.976:ERROR:process_reader_win.cc(151)] SuspendThread: Отказано в доступе. (0x5)
[0317/031144.976:ERROR:process_reader_win.cc(151)] SuspendThread: Отказано в доступе. (0x5)
[0317/031144.976:ERROR:process_reader_win.cc(151)] SuspendThread: Отказано в доступе. (0x5)
[0317/031144.976:ERROR:process_reader_win.cc(151)] SuspendThread: Отказано в доступе. (0x5)
[0317/031144.976:ERROR:process_reader_win.cc(151)] SuspendThread: Отказано в доступе. (0x5)
[0317/031144.976:ERROR:process_reader_win.cc(151)] SuspendThread: Отказано в доступе. (0x5)
[0317/031144.976:ERROR:process_reader_win.cc(151)] SuspendThread: Отказано в доступе. (0x5)
[0317/031144.976:ERROR:process_reader_win.cc(151)] SuspendThread: Отказано в доступе. (0x5)
[0317/031144.976:ERROR:process_reader_win.cc(151)] SuspendThread: Отказано в доступе. (0x5)
[0317/031144.976:ERROR:process_reader_win.cc(151)] SuspendThread: Отказано в доступе. (0x5)
[0317/031144.976:ERROR:process_reader_win.cc(151)] SuspendThread: Отказано в доступе. (0x5)
[0317/031144.976:ERROR:process_reader_win.cc(151)] SuspendThread: Отказано в доступе. (0x5)
[0317/031144.976:ERROR:process_reader_win.cc(151)] SuspendThread: Отказано в доступе. (0x5)
[0317/031144.976:ERROR:process_reader_win.cc(151)] SuspendThread: Отказано в доступе. (0x5)
[0317/031144.976:ERROR:process_reader_win.cc(151)] SuspendThread: Отказано в доступе. (0x5)
[0317/031144.976:ERROR:process_reader_win.cc(151)] SuspendThread: Отказано в доступе. (0x5)
[0317/031144.976:ERROR:process_reader_win.cc(151)] SuspendThread: Отказано в доступе. (0x5)
[0317/031144.976:ERROR:process_reader_win.cc(151)] SuspendThread: Отказано в доступе. (0x5)
[0317/031144.976:ERROR:process_reader_win.cc(151)] SuspendThread: Отказано в доступе. (0x5)
[0317/031144.976:ERROR:process_reader_win.cc(151)] SuspendThread: Отказано в доступе. (0x5)
[0317/031144.976:ERROR:process_reader_win.cc(151)] SuspendThread: Отказано в доступе. (0x5)
[0317/031144.976:ERROR:process_reader_win.cc(151)] SuspendThread: Отказано в доступе. (0x5)
[0317/031144.976:ERROR:process_reader_win.cc(151)] SuspendThread: Отказано в доступе. (0x5)
[0317/031144.976:ERROR:process_reader_win.cc(151)] SuspendThread: Отказано в доступе. (0x5)
[0317/031144.976:ERROR:process_reader_win.cc(151)] SuspendThread: Отказано в доступе. (0x5)
[0317/031144.976:ERROR:process_reader_win.cc(151)] SuspendThread: Отказано в доступе. (0x5)
[0317/031144.976:ERROR:process_reader_win.cc(151)] SuspendThread: Отказано в доступе. (0x5)
[0317/031144.976:ERROR:process_reader_win.cc(151)] SuspendThread: Отказано в доступе. (0x5)
[0317/031144.976:ERROR:process_reader_win.cc(151)] SuspendThread: Отказано в доступе. (0x5)
[0317/031144.977:ERROR:process_reader_win.cc(151)] SuspendThread: Отказано в доступе. (0x5)
[0317/031144.977:ERROR:process_reader_win.cc(151)] SuspendThread: Отказано в доступе. (0x5)
[0317/031144.977:ERROR:process_reader_win.cc(151)] SuspendThread: Отказано в доступе. (0x5)
[0317/031144.977:ERROR:process_reader_win.cc(151)] SuspendThread: Отказано в доступе. (0x5)
[0317/031144.977:ERROR:process_reader_win.cc(151)] SuspendThread: Отказано в доступе. (0x5)
[0317/031144.977:ERROR:process_reader_win.cc(151)] SuspendThread: Отказано в доступе. (0x5)
[0317/031144.977:ERROR:process_reader_win.cc(151)] SuspendThread: Отказано в доступе. (0x5)
[0317/031144.977:ERROR:process_reader_win.cc(151)] SuspendThread: Отказано в доступе. (0x5)
[0317/031144.977:ERROR:process_reader_win.cc(151)] SuspendThread: Отказано в доступе. (0x5)
[0317/031144.977:ERROR:process_reader_win.cc(151)] SuspendThread: Отказано в доступе. (0x5)
[0317/031144.977:ERROR:process_reader_win.cc(151)] SuspendThread: Отказано в доступе. (0x5)
[0317/031144.977:ERROR:process_reader_win.cc(151)] SuspendThread: Отказано в доступе. (0x5)
[0317/031144.977:ERROR:process_reader_win.cc(151)] SuspendThread: Отказано в доступе. (0x5)
[0317/031144.977:ERROR:process_reader_win.cc(151)] SuspendThread: Отказано в доступе. (0x5)
[0317/031144.977:ERROR:process_reader_win.cc(151)] SuspendThread: Отказано в доступе. (0x5)
[0317/031144.977:ERROR:process_reader_win.cc(151)] SuspendThread: Отказано в доступе. (0x5)
[0317/031144.977:ERROR:process_reader_win.cc(151)] SuspendThread: Отказано в доступе. (0x5)
[0317/031144.977:ERROR:process_reader_win.cc(151)] SuspendThread: Отказано в доступе. (0x5)
[0317/031144.977:ERROR:process_reader_win.cc(151)] SuspendThread: Отказано в доступе. (0x5)
[0317/031144.977:ERROR:process_reader_win.cc(151)] SuspendThread: Отказано в доступе. (0x5)
[0317/031144.977:ERROR:process_reader_win.cc(151)] SuspendThread: Отказано в доступе. (0x5)
[0317/031144.977:ERROR:process_reader_win.cc(151)] SuspendThread: Отказано в доступе. (0x5)
[0317/031144.977:ERROR:process_reader_win.cc(151)] SuspendThread: Отказано в доступе. (0x5)
[0317/031144.977:ERROR:process_reader_win.cc(151)] SuspendThread: Отказано в доступе. (0x5)
[0317/031144.977:ERROR:process_reader_win.cc(151)] SuspendThread: Отказано в доступе. (0x5)
[0317/031144.977:ERROR:process_reader_win.cc(151)] SuspendThread: Отказано в доступе. (0x5)
[0317/031144.977:ERROR:process_reader_win.cc(151)] SuspendThread: Отказано в доступе. (0x5)
[0317/031144.977:ERROR:process_reader_win.cc(151)] SuspendThread: Отказано в доступе. (0x5)
[0317/031144.977:ERROR:process_reader_win.cc(151)] SuspendThread: Отказано в доступе. (0x5)
[0317/031144.977:ERROR:process_reader_win.cc(151)] SuspendThread: Отказано в доступе. (0x5)
[0317/031144.977:ERROR:process_reader_win.cc(151)] SuspendThread: Отказано в доступе. (0x5)
[0317/031144.977:ERROR:process_reader_win.cc(151)] SuspendThread: Отказано в доступе. (0x5)
[0317/031144.977:ERROR:process_reader_win.cc(151)] SuspendThread: Отказано в доступе. (0x5)
[0317/031144.977:ERROR:process_reader_win.cc(151)] SuspendThread: Отказано в доступе. (0x5)
[0317/031144.977:ERROR:process_reader_win.cc(151)] SuspendThread: Отказано в доступе. (0x5)
[0317/031144.977:ERROR:process_reader_win.cc(151)] SuspendThread: Отказано в доступе. (0x5)
[0317/031144.977:ERROR:process_reader_win.cc(151)] SuspendThread: Отказано в доступе. (0x5)
[0317/031144.977:ERROR:process_reader_win.cc(151)] SuspendThread: Отказано в доступе. (0x5)
[0317/031144.977:ERROR:process_reader_win.cc(151)] SuspendThread: Отказано в доступе. (0x5)
[0317/031144.977:ERROR:process_reader_win.cc(151)] SuspendThread: Отказано в доступе. (0x5)
[0317/031144.977:ERROR:process_reader_win.cc(151)] SuspendThread: Отказано в доступе. (0x5)
[0317/031144.977:ERROR:process_reader_win.cc(151)] SuspendThread: Отказано в доступе. (0x5)
[0317/031144.977:ERROR:process_reader_win.cc(151)] SuspendThread: Отказано в доступе. (0x5)
[0317/031144.977:ERROR:process_reader_win.cc(151)] SuspendThread: Отказано в доступе. (0x5)
[0317/031144.977:ERROR:process_reader_win.cc(151)] SuspendThread: Отказано в доступе. (0x5)
[0317/031144.977:ERROR:process_reader_win.cc(151)] SuspendThread: Отказано в доступе. (0x5)
[0317/031144.977:ERROR:process_reader_win.cc(151)] SuspendThread: Отказано в доступе. (0x5)
[0317/031144.977:ERROR:process_reader_win.cc(151)] SuspendThread: Отказано в доступе. (0x5)
[0317/031144.977:ERROR:process_reader_win.cc(151)] SuspendThread: Отказано в доступе. (0x5)
[0317/031144.977:ERROR:process_reader_win.cc(151)] SuspendThread: Отказано в доступе. (0x5)
[0317/031144.977:ERROR:process_reader_win.cc(151)] SuspendThread: Отказано в доступе. (0x5)
[0317/031144.977:ERROR:process_reader_win.cc(151)] SuspendThread: Отказано в доступе. (0x5)
[0317/031144.977:ERROR:process_reader_win.cc(151)] SuspendThread: Отказано в доступе. (0x5)
[0317/031144.977:ERROR:process_reader_win.cc(151)] SuspendThread: Отказано в доступе. (0x5)
[0317/031144.978:ERROR:process_reader_win.cc(151)] SuspendThread: Отказано в доступе. (0x5)
[0317/031144.978:ERROR:process_reader_win.cc(151)] SuspendThread: Отказано в доступе. (0x5)
[0317/031144.978:ERROR:process_reader_win.cc(151)] SuspendThread: Отказано в доступе. (0x5)
[0317/031144.978:ERROR:process_reader_win.cc(151)] SuspendThread: Отказано в доступе. (0x5)
[0317/031144.978:ERROR:process_reader_win.cc(151)] SuspendThread: Отказано в доступе. (0x5)
[0317/031144.978:ERROR:process_reader_win.cc(151)] SuspendThread: Отказано в доступе. (0x5)
[0317/031144.978:ERROR:process_reader_win.cc(151)] SuspendThread: Отказано в доступе. (0x5)
[0317/031144.978:ERROR:process_reader_win.cc(151)] SuspendThread: Отказано в доступе. (0x5)
[0317/031144.978:ERROR:process_reader_win.cc(151)] SuspendThread: Отказано в доступе. (0x5)
[0317/031144.978:ERROR:process_reader_win.cc(151)] SuspendThread: Отказано в доступе. (0x5)
[0317/031144.978:ERROR:process_reader_win.cc(151)] SuspendThread: Отказано в доступе. (0x5)
[0317/031144.978:ERROR:process_reader_win.cc(151)] SuspendThread: Отказано в доступе. (0x5)
[0317/031144.978:ERROR:process_reader_win.cc(151)] SuspendThread: Отказано в доступе. (0x5)
[0317/031144.978:ERROR:process_reader_win.cc(151)] SuspendThread: Отказано в доступе. (0x5)
[0317/031144.978:ERROR:process_reader_win.cc(151)] SuspendThread: Отказано в доступе. (0x5)
[0317/031144.978:ERROR:process_reader_win.cc(151)] SuspendThread: Отказано в доступе. (0x5)
[0317/031144.978:ERROR:process_reader_win.cc(151)] SuspendThread: Отказано в доступе. (0x5)
[0317/031144.978:ERROR:process_reader_win.cc(151)] SuspendThread: Отказано в доступе. (0x5)
[0317/031144.978:ERROR:process_reader_win.cc(151)] SuspendThread: Отказано в доступе. (0x5)
[0317/031144.978:ERROR:process_reader_win.cc(151)] SuspendThread: Отказано в доступе. (0x5)
[0317/031144.978:ERROR:process_reader_win.cc(151)] SuspendThread: Отказано в доступе. (0x5)
[0317/031144.978:ERROR:process_reader_win.cc(151)] SuspendThread: Отказано в доступе. (0x5)
[0317/031144.978:ERROR:process_reader_win.cc(151)] SuspendThread: Отказано в доступе. (0x5)
[0317/031144.978:ERROR:process_reader_win.cc(151)] SuspendThread: Отказано в доступе. (0x5)
[0317/031144.978:ERROR:process_reader_win.cc(151)] SuspendThread: Отказано в доступе. (0x5)
[0317/031144.978:ERROR:process_reader_win.cc(151)] SuspendThread: Отказано в доступе. (0x5)
[0317/031144.978:ERROR:process_reader_win.cc(151)] SuspendThread: Отказано в доступе. (0x5)
[0317/031144.978:ERROR:process_reader_win.cc(151)] SuspendThread: Отказано в доступе. (0x5)
[0317/031144.978:ERROR:process_reader_win.cc(151)] SuspendThread: Отказано в доступе. (0x5)
[0317/031144.978:ERROR:exception_snapshot_win.cc(88)] thread ID 5400 not found in process
[0317/031144.978:WARNING:crash_report_exception_handler.cc(62)] ProcessSnapshotWin::Initialize failed
